<?xml version="1.0" encoding="UTF-8"?>
<!-- Generated by org.testng.reporters.JUnitReportReporter -->
<testsuite hostname="DESKTOP-CHQN095" failures="0" tests="12" name="ALmosaferProject" time="110.413" errors="1" timestamp="2024-11-12T09:35:32 GMT+03:00" skipped="0">
  <testcase classname="ALmosaferProject" name="Languages" time="0.071"/>
  <system-out/>
  <testcase classname="ALmosaferProject" name="Curancy" time="0.030"/>
  <system-out/>
  <testcase classname="ALmosaferProject" name="Number" time="0.054"/>
  <system-out/>
  <testcase classname="ALmosaferProject" name="Logo" time="0.047"/>
  <system-out/>
  <testcase classname="ALmosaferProject" name="HotelSearchTab" time="0.034"/>
  <system-out/>
  <testcase classname="ALmosaferProject" name="Tomorrow" time="0.025"/>
  <system-out/>
  <testcase classname="ALmosaferProject" name="DayAfterTomorrow" time="0.025"/>
  <system-out/>
  <testcase classname="ALmosaferProject" name="Randomlanguages" time="1.581"/>
  <system-out/>
  <testcase classname="ALmosaferProject" name="Locatin" time="5.805"/>
  <system-out/>
  <testcase classname="ALmosaferProject" name="Guests" time="12.668"/>
  <system-out/>
  <testcase classname="ALmosaferProject" name="Download" time="90.066"/>
  <system-out/>
  <testcase classname="ALmosaferProject" name="SortOption" time="0.007">
    <error message="Unresolved compilation problem: 
	Duplicate local variable ClassSotr
" type="java.lang.Error">
      <![CDATA[java.lang.Error: Unresolved compilation problem: 
Duplicate local variable ClassSotr

at ALmosaferProject.SortOption(ALmosaferProject.java:156)
at java.base/jdk.internal.reflect.DirectMethodHandleAccessor.invoke(DirectMethodHandleAccessor.java:103)
at java.base/java.lang.reflect.Method.invoke(Method.java:580)
at org.testng.internal.MethodInvocationHelper.invokeMethod(MethodInvocationHelper.java:133)
at org.testng.internal.TestInvoker.invokeMethod(TestInvoker.java:598)
at org.testng.internal.TestInvoker.invokeTestMethod(TestInvoker.java:173)
at org.testng.internal.MethodRunner.runInSequence(MethodRunner.java:46)
at org.testng.internal.TestInvoker$MethodInvocationAgent.invoke(TestInvoker.java:824)
at org.testng.internal.TestInvoker.invokeTestMethods(TestInvoker.java:146)
at org.testng.internal.TestMethodWorker.invokeTestMethods(TestMethodWorker.java:146)
at org.testng.internal.TestMethodWorker.run(TestMethodWorker.java:128)
at java.base/java.util.ArrayList.forEach(ArrayList.java:1597)
at org.testng.TestRunner.privateRun(TestRunner.java:794)
at org.testng.TestRunner.run(TestRunner.java:596)
at org.testng.SuiteRunner.runTest(SuiteRunner.java:377)
at org.testng.SuiteRunner.runSequentially(SuiteRunner.java:371)
at org.testng.SuiteRunner.privateRun(SuiteRunner.java:332)
at org.testng.SuiteRunner.run(SuiteRunner.java:276)
at org.testng.SuiteRunnerWorker.runSuite(SuiteRunnerWorker.java:53)
at org.testng.SuiteRunnerWorker.run(SuiteRunnerWorker.java:96)
at org.testng.TestNG.runSuitesSequentially(TestNG.java:1212)
at org.testng.TestNG.runSuitesLocally(TestNG.java:1134)
at org.testng.TestNG.runSuites(TestNG.java:1063)
at org.testng.TestNG.run(TestNG.java:1031)
at org.testng.remote.AbstractRemoteTestNG.run(AbstractRemoteTestNG.java:115)
at org.testng.remote.RemoteTestNG.initAndRun(RemoteTestNG.java:293)
at org.testng.remote.RemoteTestNG.main(RemoteTestNG.java:91)
]]>
    </error>
  </testcase> <!-- SortOption -->
  <system-out/>
</testsuite> <!-- ALmosaferProject -->
